This file contains any messages produced by compilers while
running configure, to aid debugging if configure makes a mistake.

It was created by vvssh vvcmd vvscp vvinit vvinput configure 0.0.1, which was
generated by GNU Autoconf 2.68.  Invocation command line was

  $ ./configure 

## --------- ##
## Platform. ##
## --------- ##

hostname = cloud
uname -m = x86_64
uname -r = 3.2.0-84-generic
uname -s = Linux
uname -v = #121-Ubuntu SMP Tue May 5 18:54:05 UTC 2015

/usr/bin/uname -p = unknown
/bin/uname -X     = unknown

/bin/arch              = unknown
/usr/bin/arch -k       = unknown
/usr/convex/getsysinfo = unknown
/usr/bin/hostinfo      = unknown
/bin/machine           = unknown
/usr/bin/oslevel       = unknown
/bin/universe          = unknown

PATH: /home/cloud/install/apache-maven-3.3.1/bin
PATH: /home/cloud/install/jdk1.7.0_75/bin
PATH: /home/cloud/install/jdk1.7.0_75/jre/bin
PATH: /usr/lib/lightdm/lightdm
PATH: /usr/local/sbin
PATH: /usr/local/bin
PATH: /usr/sbin
PATH: /usr/bin
PATH: /sbin
PATH: /bin
PATH: /usr/games


## ----------- ##
## Core tests. ##
## ----------- ##

configure:2217: checking for a BSD-compatible install
configure:2285: result: /usr/bin/install -c
configure:2296: checking whether build environment is sane
configure:2346: result: yes
configure:2487: checking for a thread-safe mkdir -p
configure:2526: result: /bin/mkdir -p
configure:2539: checking for gawk
configure:2569: result: no
configure:2539: checking for mawk
configure:2555: found /usr/bin/mawk
configure:2566: result: mawk
configure:2577: checking whether make sets $(MAKE)
configure:2599: result: yes
configure:2688: checking for gawk
configure:2715: result: mawk
configure:2774: checking for gcc
configure:2790: found /usr/bin/gcc
configure:2801: result: gcc
configure:3030: checking for C compiler version
configure:3039: gcc --version >&5
gcc (Ubuntu/Linaro 4.6.3-1ubuntu5) 4.6.3
Copyright (C) 2011 Free Software Foundation, Inc.
This is free software; see the source for copying conditions.  There is NO
warranty; not even for MERCHANTABILITY or FITNESS FOR A PARTICULAR PURPOSE.

configure:3050: $? = 0
configure:3039: gcc -v >&5
Using built-in specs.
COLLECT_GCC=gcc
COLLECT_LTO_WRAPPER=/usr/lib/gcc/x86_64-linux-gnu/4.6/lto-wrapper
Target: x86_64-linux-gnu
Configured with: ../src/configure -v --with-pkgversion='Ubuntu/Linaro 4.6.3-1ubuntu5' --with-bugurl=file:///usr/share/doc/gcc-4.6/README.Bugs --enable-languages=c,c++,fortran,objc,obj-c++ --prefix=/usr --program-suffix=-4.6 --enable-shared --enable-linker-build-id --with-system-zlib --libexecdir=/usr/lib --without-included-gettext --enable-threads=posix --with-gxx-include-dir=/usr/include/c++/4.6 --libdir=/usr/lib --enable-nls --with-sysroot=/ --enable-clocale=gnu --enable-libstdcxx-debug --enable-libstdcxx-time=yes --enable-gnu-unique-object --enable-plugin --enable-objc-gc --disable-werror --with-arch-32=i686 --with-tune=generic --enable-checking=release --build=x86_64-linux-gnu --host=x86_64-linux-gnu --target=x86_64-linux-gnu
Thread model: posix
gcc version 4.6.3 (Ubuntu/Linaro 4.6.3-1ubuntu5) 
configure:3050: $? = 0
configure:3039: gcc -V >&5
gcc: error: unrecognized option '-V'
gcc: fatal error: no input files
compilation terminated.
configure:3050: $? = 4
configure:3039: gcc -qversion >&5
gcc: error: unrecognized option '-qversion'
gcc: fatal error: no input files
compilation terminated.
configure:3050: $? = 4
configure:3070: checking whether the C compiler works
configure:3092: gcc    conftest.c  >&5
configure:3096: $? = 0
configure:3144: result: yes
configure:3147: checking for C compiler default output file name
configure:3149: result: a.out
configure:3155: checking for suffix of executables
configure:3162: gcc -o conftest    conftest.c  >&5
configure:3166: $? = 0
configure:3188: result: 
configure:3210: checking whether we are cross compiling
configure:3218: gcc -o conftest    conftest.c  >&5
configure:3222: $? = 0
configure:3229: ./conftest
configure:3233: $? = 0
configure:3248: result: no
configure:3253: checking for suffix of object files
configure:3275: gcc -c   conftest.c >&5
configure:3279: $? = 0
configure:3300: result: o
configure:3304: checking whether we are using the GNU C compiler
configure:3323: gcc -c   conftest.c >&5
configure:3323: $? = 0
configure:3332: result: yes
configure:3341: checking whether gcc accepts -g
configure:3361: gcc -c -g  conftest.c >&5
configure:3361: $? = 0
configure:3402: result: yes
configure:3419: checking for gcc option to accept ISO C89
configure:3483: gcc  -c -g -O2  conftest.c >&5
configure:3483: $? = 0
configure:3496: result: none needed
configure:3527: checking for style of include used by make
configure:3555: result: GNU
configure:3581: checking dependency style of gcc
configure:3692: result: gcc3
configure:3751: checking for ranlib
configure:3767: found /usr/bin/ranlib
configure:3778: result: ranlib
configure:3804: checking for main in -lsqlite3
configure:3823: gcc -o conftest -g -O2   conftest.c -lsqlite3   >&5
configure:3823: $? = 0
configure:3832: result: yes
configure:3844: checking for main in -lssh2
configure:3863: gcc -o conftest -g -O2   conftest.c -lssh2  -lsqlite3  >&5
configure:3863: $? = 0
configure:3872: result: yes
configure:3890: checking how to run the C preprocessor
configure:3921: gcc -E  conftest.c
configure:3921: $? = 0
configure:3935: gcc -E  conftest.c
conftest.c:13:28: fatal error: ac_nonexistent.h: No such file or directory
compilation terminated.
configure:3935: $? = 1
configure: failed program was:
| /* confdefs.h */
| #define PACKAGE_NAME "vvssh vvcmd vvscp vvinit vvinput"
| #define PACKAGE_TARNAME "vvssh-vvcmd-vvscp-vvinit-vvinput"
| #define PACKAGE_VERSION "0.0.1"
| #define PACKAGE_STRING "vvssh vvcmd vvscp vvinit vvinput 0.0.1"
| #define PACKAGE_BUGREPORT "wlsdhzy@163.com"
| #define PACKAGE_URL ""
| #define PACKAGE "vvssh"
| #define VERSION "1.0"
| #define HAVE_LIBSQLITE3 1
| #define HAVE_LIBSSH2 1
| /* end confdefs.h.  */
| #include <ac_nonexistent.h>
configure:3960: result: gcc -E
configure:3980: gcc -E  conftest.c
configure:3980: $? = 0
configure:3994: gcc -E  conftest.c
conftest.c:13:28: fatal error: ac_nonexistent.h: No such file or directory
compilation terminated.
configure:3994: $? = 1
configure: failed program was:
| /* confdefs.h */
| #define PACKAGE_NAME "vvssh vvcmd vvscp vvinit vvinput"
| #define PACKAGE_TARNAME "vvssh-vvcmd-vvscp-vvinit-vvinput"
| #define PACKAGE_VERSION "0.0.1"
| #define PACKAGE_STRING "vvssh vvcmd vvscp vvinit vvinput 0.0.1"
| #define PACKAGE_BUGREPORT "wlsdhzy@163.com"
| #define PACKAGE_URL ""
| #define PACKAGE "vvssh"
| #define VERSION "1.0"
| #define HAVE_LIBSQLITE3 1
| #define HAVE_LIBSSH2 1
| /* end confdefs.h.  */
| #include <ac_nonexistent.h>
configure:4023: checking for grep that handles long lines and -e
configure:4081: result: /bin/grep
configure:4086: checking for egrep
configure:4148: result: /bin/grep -E
configure:4153: checking for ANSI C header files
configure:4173: gcc -c -g -O2  conftest.c >&5
configure:4173: $? = 0
configure:4246: gcc -o conftest -g -O2   conftest.c -lssh2 -lsqlite3  >&5
configure:4246: $? = 0
configure:4246: ./conftest
configure:4246: $? = 0
configure:4257: result: yes
configure:4270: checking for sys/types.h
configure:4270: gcc -c -g -O2  conftest.c >&5
configure:4270: $? = 0
configure:4270: result: yes
configure:4270: checking for sys/stat.h
configure:4270: gcc -c -g -O2  conftest.c >&5
configure:4270: $? = 0
configure:4270: result: yes
configure:4270: checking for stdlib.h
configure:4270: gcc -c -g -O2  conftest.c >&5
configure:4270: $? = 0
configure:4270: result: yes
configure:4270: checking for string.h
configure:4270: gcc -c -g -O2  conftest.c >&5
configure:4270: $? = 0
configure:4270: result: yes
configure:4270: checking for memory.h
configure:4270: gcc -c -g -O2  conftest.c >&5
configure:4270: $? = 0
configure:4270: result: yes
configure:4270: checking for strings.h
configure:4270: gcc -c -g -O2  conftest.c >&5
configure:4270: $? = 0
configure:4270: result: yes
configure:4270: checking for inttypes.h
configure:4270: gcc -c -g -O2  conftest.c >&5
configure:4270: $? = 0
configure:4270: result: yes
configure:4270: checking for stdint.h
configure:4270: gcc -c -g -O2  conftest.c >&5
configure:4270: $? = 0
configure:4270: result: yes
configure:4270: checking for unistd.h
configure:4270: gcc -c -g -O2  conftest.c >&5
configure:4270: $? = 0
configure:4270: result: yes
configure:4285: checking arpa/inet.h usability
configure:4285: gcc -c -g -O2  conftest.c >&5
configure:4285: $? = 0
configure:4285: result: yes
configure:4285: checking arpa/inet.h presence
configure:4285: gcc -E  conftest.c
configure:4285: $? = 0
configure:4285: result: yes
configure:4285: checking for arpa/inet.h
configure:4285: result: yes
configure:4285: checking fcntl.h usability
configure:4285: gcc -c -g -O2  conftest.c >&5
configure:4285: $? = 0
configure:4285: result: yes
configure:4285: checking fcntl.h presence
configure:4285: gcc -E  conftest.c
configure:4285: $? = 0
configure:4285: result: yes
configure:4285: checking for fcntl.h
configure:4285: result: yes
configure:4285: checking malloc.h usability
configure:4285: gcc -c -g -O2  conftest.c >&5
configure:4285: $? = 0
configure:4285: result: yes
configure:4285: checking malloc.h presence
configure:4285: gcc -E  conftest.c
configure:4285: $? = 0
configure:4285: result: yes
configure:4285: checking for malloc.h
configure:4285: result: yes
configure:4285: checking netinet/in.h usability
configure:4285: gcc -c -g -O2  conftest.c >&5
configure:4285: $? = 0
configure:4285: result: yes
configure:4285: checking netinet/in.h presence
configure:4285: gcc -E  conftest.c
configure:4285: $? = 0
configure:4285: result: yes
configure:4285: checking for netinet/in.h
configure:4285: result: yes
configure:4285: checking for stdlib.h
configure:4285: result: yes
configure:4285: checking for string.h
configure:4285: result: yes
configure:4285: checking sys/ioctl.h usability
configure:4285: gcc -c -g -O2  conftest.c >&5
configure:4285: $? = 0
configure:4285: result: yes
configure:4285: checking sys/ioctl.h presence
configure:4285: gcc -E  conftest.c
configure:4285: $? = 0
configure:4285: result: yes
configure:4285: checking for sys/ioctl.h
configure:4285: result: yes
configure:4285: checking sys/socket.h usability
configure:4285: gcc -c -g -O2  conftest.c >&5
configure:4285: $? = 0
configure:4285: result: yes
configure:4285: checking sys/socket.h presence
configure:4285: gcc -E  conftest.c
configure:4285: $? = 0
configure:4285: result: yes
configure:4285: checking for sys/socket.h
configure:4285: result: yes
configure:4285: checking sys/time.h usability
configure:4285: gcc -c -g -O2  conftest.c >&5
configure:4285: $? = 0
configure:4285: result: yes
configure:4285: checking sys/time.h presence
configure:4285: gcc -E  conftest.c
configure:4285: $? = 0
configure:4285: result: yes
configure:4285: checking for sys/time.h
configure:4285: result: yes
configure:4285: checking termios.h usability
configure:4285: gcc -c -g -O2  conftest.c >&5
configure:4285: $? = 0
configure:4285: result: yes
configure:4285: checking termios.h presence
configure:4285: gcc -E  conftest.c
configure:4285: $? = 0
configure:4285: result: yes
configure:4285: checking for termios.h
configure:4285: result: yes
configure:4285: checking for unistd.h
configure:4285: result: yes
configure:4297: checking for off_t
configure:4297: gcc -c -g -O2  conftest.c >&5
configure:4297: $? = 0
configure:4297: gcc -c -g -O2  conftest.c >&5
conftest.c: In function 'main':
conftest.c:70:20: error: expected expression before ')' token
configure:4297: $? = 1
configure: failed program was:
| /* confdefs.h */
| #define PACKAGE_NAME "vvssh vvcmd vvscp vvinit vvinput"
| #define PACKAGE_TARNAME "vvssh-vvcmd-vvscp-vvinit-vvinput"
| #define PACKAGE_VERSION "0.0.1"
| #define PACKAGE_STRING "vvssh vvcmd vvscp vvinit vvinput 0.0.1"
| #define PACKAGE_BUGREPORT "wlsdhzy@163.com"
| #define PACKAGE_URL ""
| #define PACKAGE "vvssh"
| #define VERSION "1.0"
| #define HAVE_LIBSQLITE3 1
| #define HAVE_LIBSSH2 1
| #define STDC_HEADERS 1
| #define HAVE_SYS_TYPES_H 1
| #define HAVE_SYS_STAT_H 1
| #define HAVE_STDLIB_H 1
| #define HAVE_STRING_H 1
| #define HAVE_MEMORY_H 1
| #define HAVE_STRINGS_H 1
| #define HAVE_INTTYPES_H 1
| #define HAVE_STDINT_H 1
| #define HAVE_UNISTD_H 1
| #define HAVE_ARPA_INET_H 1
| #define HAVE_FCNTL_H 1
| #define HAVE_MALLOC_H 1
| #define HAVE_NETINET_IN_H 1
| #define HAVE_STDLIB_H 1
| #define HAVE_STRING_H 1
| #define HAVE_SYS_IOCTL_H 1
| #define HAVE_SYS_SOCKET_H 1
| #define HAVE_SYS_TIME_H 1
| #define HAVE_TERMIOS_H 1
| #define HAVE_UNISTD_H 1
| /* end confdefs.h.  */
| #include <stdio.h>
| #ifdef HAVE_SYS_TYPES_H
| # include <sys/types.h>
| #endif
| #ifdef HAVE_SYS_STAT_H
| # include <sys/stat.h>
| #endif
| #ifdef STDC_HEADERS
| # include <stdlib.h>
| # include <stddef.h>
| #else
| # ifdef HAVE_STDLIB_H
| #  include <stdlib.h>
| # endif
| #endif
| #ifdef HAVE_STRING_H
| # if !defined STDC_HEADERS && defined HAVE_MEMORY_H
| #  include <memory.h>
| # endif
| # include <string.h>
| #endif
| #ifdef HAVE_STRINGS_H
| # include <strings.h>
| #endif
| #ifdef HAVE_INTTYPES_H
| # include <inttypes.h>
| #endif
| #ifdef HAVE_STDINT_H
| # include <stdint.h>
| #endif
| #ifdef HAVE_UNISTD_H
| # include <unistd.h>
| #endif
| int
| main ()
| {
| if (sizeof ((off_t)))
| 	    return 0;
|   ;
|   return 0;
| }
configure:4297: result: yes
configure:4308: checking for size_t
configure:4308: gcc -c -g -O2  conftest.c >&5
configure:4308: $? = 0
configure:4308: gcc -c -g -O2  conftest.c >&5
conftest.c: In function 'main':
conftest.c:70:21: error: expected expression before ')' token
configure:4308: $? = 1
configure: failed program was:
| /* confdefs.h */
| #define PACKAGE_NAME "vvssh vvcmd vvscp vvinit vvinput"
| #define PACKAGE_TARNAME "vvssh-vvcmd-vvscp-vvinit-vvinput"
| #define PACKAGE_VERSION "0.0.1"
| #define PACKAGE_STRING "vvssh vvcmd vvscp vvinit vvinput 0.0.1"
| #define PACKAGE_BUGREPORT "wlsdhzy@163.com"
| #define PACKAGE_URL ""
| #define PACKAGE "vvssh"
| #define VERSION "1.0"
| #define HAVE_LIBSQLITE3 1
| #define HAVE_LIBSSH2 1
| #define STDC_HEADERS 1
| #define HAVE_SYS_TYPES_H 1
| #define HAVE_SYS_STAT_H 1
| #define HAVE_STDLIB_H 1
| #define HAVE_STRING_H 1
| #define HAVE_MEMORY_H 1
| #define HAVE_STRINGS_H 1
| #define HAVE_INTTYPES_H 1
| #define HAVE_STDINT_H 1
| #define HAVE_UNISTD_H 1
| #define HAVE_ARPA_INET_H 1
| #define HAVE_FCNTL_H 1
| #define HAVE_MALLOC_H 1
| #define HAVE_NETINET_IN_H 1
| #define HAVE_STDLIB_H 1
| #define HAVE_STRING_H 1
| #define HAVE_SYS_IOCTL_H 1
| #define HAVE_SYS_SOCKET_H 1
| #define HAVE_SYS_TIME_H 1
| #define HAVE_TERMIOS_H 1
| #define HAVE_UNISTD_H 1
| /* end confdefs.h.  */
| #include <stdio.h>
| #ifdef HAVE_SYS_TYPES_H
| # include <sys/types.h>
| #endif
| #ifdef HAVE_SYS_STAT_H
| # include <sys/stat.h>
| #endif
| #ifdef STDC_HEADERS
| # include <stdlib.h>
| # include <stddef.h>
| #else
| # ifdef HAVE_STDLIB_H
| #  include <stdlib.h>
| # endif
| #endif
| #ifdef HAVE_STRING_H
| # if !defined STDC_HEADERS && defined HAVE_MEMORY_H
| #  include <memory.h>
| # endif
| # include <string.h>
| #endif
| #ifdef HAVE_STRINGS_H
| # include <strings.h>
| #endif
| #ifdef HAVE_INTTYPES_H
| # include <inttypes.h>
| #endif
| #ifdef HAVE_STDINT_H
| # include <stdint.h>
| #endif
| #ifdef HAVE_UNISTD_H
| # include <unistd.h>
| #endif
| int
| main ()
| {
| if (sizeof ((size_t)))
| 	    return 0;
|   ;
|   return 0;
| }
configure:4308: result: yes
configure:4323: checking for stdlib.h
configure:4323: result: yes
configure:4333: checking for GNU libc compatible malloc
configure:4357: gcc -o conftest -g -O2   conftest.c -lssh2 -lsqlite3  >&5
configure:4357: $? = 0
configure:4357: ./conftest
configure:4357: $? = 0
configure:4367: result: yes
configure:4391: checking for mkdir
configure:4391: gcc -o conftest -g -O2   conftest.c -lssh2 -lsqlite3  >&5
configure:4391: $? = 0
configure:4391: result: yes
configure:4391: checking for select
configure:4391: gcc -o conftest -g -O2   conftest.c -lssh2 -lsqlite3  >&5
configure:4391: $? = 0
configure:4391: result: yes
configure:4391: checking for socket
configure:4391: gcc -o conftest -g -O2   conftest.c -lssh2 -lsqlite3  >&5
configure:4391: $? = 0
configure:4391: result: yes
configure:4391: checking for strrchr
configure:4391: gcc -o conftest -g -O2   conftest.c -lssh2 -lsqlite3  >&5
conftest.c:62:6: warning: conflicting types for built-in function 'strrchr' [enabled by default]
configure:4391: $? = 0
configure:4391: result: yes
configure:4533: creating ./config.status

## ---------------------- ##
## Running config.status. ##
## ---------------------- ##

This file was extended by vvssh vvcmd vvscp vvinit vvinput config.status 0.0.1, which was
generated by GNU Autoconf 2.68.  Invocation command line was

  CONFIG_FILES    = 
  CONFIG_HEADERS  = 
  CONFIG_LINKS    = 
  CONFIG_COMMANDS = 
  $ ./config.status 

on cloud

config.status:882: creating Makefile
config.status:882: creating lib/Makefile
config.status:882: creating src/Makefile
config.status:882: creating config.h
config.status:1063: config.h is unchanged
config.status:1111: executing depfiles commands

## ---------------- ##
## Cache variables. ##
## ---------------- ##

ac_cv_c_compiler_gnu=yes
ac_cv_env_CC_set=
ac_cv_env_CC_value=
ac_cv_env_CFLAGS_set=
ac_cv_env_CFLAGS_value=
ac_cv_env_CPPFLAGS_set=
ac_cv_env_CPPFLAGS_value=
ac_cv_env_CPP_set=
ac_cv_env_CPP_value=
ac_cv_env_LDFLAGS_set=
ac_cv_env_LDFLAGS_value=
ac_cv_env_LIBS_set=
ac_cv_env_LIBS_value=
ac_cv_env_build_alias_set=
ac_cv_env_build_alias_value=
ac_cv_env_host_alias_set=
ac_cv_env_host_alias_value=
ac_cv_env_target_alias_set=
ac_cv_env_target_alias_value=
ac_cv_func_malloc_0_nonnull=yes
ac_cv_func_mkdir=yes
ac_cv_func_select=yes
ac_cv_func_socket=yes
ac_cv_func_strrchr=yes
ac_cv_header_arpa_inet_h=yes
ac_cv_header_fcntl_h=yes
ac_cv_header_inttypes_h=yes
ac_cv_header_malloc_h=yes
ac_cv_header_memory_h=yes
ac_cv_header_netinet_in_h=yes
ac_cv_header_stdc=yes
ac_cv_header_stdint_h=yes
ac_cv_header_stdlib_h=yes
ac_cv_header_string_h=yes
ac_cv_header_strings_h=yes
ac_cv_header_sys_ioctl_h=yes
ac_cv_header_sys_socket_h=yes
ac_cv_header_sys_stat_h=yes
ac_cv_header_sys_time_h=yes
ac_cv_header_sys_types_h=yes
ac_cv_header_termios_h=yes
ac_cv_header_unistd_h=yes
ac_cv_lib_sqlite3_main=yes
ac_cv_lib_ssh2_main=yes
ac_cv_objext=o
ac_cv_path_EGREP='/bin/grep -E'
ac_cv_path_GREP=/bin/grep
ac_cv_path_install='/usr/bin/install -c'
ac_cv_path_mkdir=/bin/mkdir
ac_cv_prog_AWK=mawk
ac_cv_prog_CPP='gcc -E'
ac_cv_prog_ac_ct_CC=gcc
ac_cv_prog_ac_ct_RANLIB=ranlib
ac_cv_prog_cc_c89=
ac_cv_prog_cc_g=yes
ac_cv_prog_make_make_set=yes
ac_cv_type_off_t=yes
ac_cv_type_size_t=yes
am_cv_CC_dependencies_compiler_type=gcc3

## ----------------- ##
## Output variables. ##
## ----------------- ##

ACLOCAL='${SHELL} /home/cloud/myfile/cc/VVssh/missing --run aclocal-1.11'
AMDEPBACKSLASH='\'
AMDEP_FALSE='#'
AMDEP_TRUE=''
AMTAR='$${TAR-tar}'
AUTOCONF='${SHELL} /home/cloud/myfile/cc/VVssh/missing --run autoconf'
AUTOHEADER='${SHELL} /home/cloud/myfile/cc/VVssh/missing --run autoheader'
AUTOMAKE='${SHELL} /home/cloud/myfile/cc/VVssh/missing --run automake-1.11'
AWK='mawk'
CC='gcc'
CCDEPMODE='depmode=gcc3'
CFLAGS='-g -O2'
CPP='gcc -E'
CPPFLAGS=''
CYGPATH_W='echo'
DEFS='-DHAVE_CONFIG_H'
DEPDIR='.deps'
ECHO_C=''
ECHO_N='-n'
ECHO_T=''
EGREP='/bin/grep -E'
EXEEXT=''
GREP='/bin/grep'
INSTALL_DATA='${INSTALL} -m 644'
INSTALL_PROGRAM='${INSTALL}'
INSTALL_SCRIPT='${INSTALL}'
INSTALL_STRIP_PROGRAM='$(install_sh) -c -s'
LDFLAGS=''
LIBOBJS=''
LIBS='-lssh2 -lsqlite3 '
LTLIBOBJS=''
MAKEINFO='${SHELL} /home/cloud/myfile/cc/VVssh/missing --run makeinfo'
MKDIR_P='/bin/mkdir -p'
OBJEXT='o'
PACKAGE='vvssh'
PACKAGE_BUGREPORT='wlsdhzy@163.com'
PACKAGE_NAME='vvssh vvcmd vvscp vvinit vvinput'
PACKAGE_STRING='vvssh vvcmd vvscp vvinit vvinput 0.0.1'
PACKAGE_TARNAME='vvssh-vvcmd-vvscp-vvinit-vvinput'
PACKAGE_URL=''
PACKAGE_VERSION='0.0.1'
PATH_SEPARATOR=':'
RANLIB='ranlib'
SET_MAKE=''
SHELL='/bin/bash'
STRIP=''
VERSION='1.0'
ac_ct_CC='gcc'
am__EXEEXT_FALSE=''
am__EXEEXT_TRUE='#'
am__fastdepCC_FALSE='#'
am__fastdepCC_TRUE=''
am__include='include'
am__isrc=''
am__leading_dot='.'
am__nodep='_no'
am__quote=''
am__tar='$${TAR-tar} chof - "$$tardir"'
am__untar='$${TAR-tar} xf -'
bindir='${exec_prefix}/bin'
build_alias=''
datadir='${datarootdir}'
datarootdir='${prefix}/share'
docdir='${datarootdir}/doc/${PACKAGE_TARNAME}'
dvidir='${docdir}'
exec_prefix='${prefix}'
host_alias=''
htmldir='${docdir}'
includedir='${prefix}/include'
infodir='${datarootdir}/info'
install_sh='${SHELL} /home/cloud/myfile/cc/VVssh/install-sh'
libdir='${exec_prefix}/lib'
libexecdir='${exec_prefix}/libexec'
localedir='${datarootdir}/locale'
localstatedir='${prefix}/var'
mandir='${datarootdir}/man'
mkdir_p='/bin/mkdir -p'
oldincludedir='/usr/include'
pdfdir='${docdir}'
prefix='/usr/local'
program_transform_name='s,x,x,'
psdir='${docdir}'
sbindir='${exec_prefix}/sbin'
sharedstatedir='${prefix}/com'
sysconfdir='${prefix}/etc'
target_alias=''

## ----------- ##
## confdefs.h. ##
## ----------- ##

/* confdefs.h */
#define PACKAGE_NAME "vvssh vvcmd vvscp vvinit vvinput"
#define PACKAGE_TARNAME "vvssh-vvcmd-vvscp-vvinit-vvinput"
#define PACKAGE_VERSION "0.0.1"
#define PACKAGE_STRING "vvssh vvcmd vvscp vvinit vvinput 0.0.1"
#define PACKAGE_BUGREPORT "wlsdhzy@163.com"
#define PACKAGE_URL ""
#define PACKAGE "vvssh"
#define VERSION "1.0"
#define HAVE_LIBSQLITE3 1
#define HAVE_LIBSSH2 1
#define STDC_HEADERS 1
#define HAVE_SYS_TYPES_H 1
#define HAVE_SYS_STAT_H 1
#define HAVE_STDLIB_H 1
#define HAVE_STRING_H 1
#define HAVE_MEMORY_H 1
#define HAVE_STRINGS_H 1
#define HAVE_INTTYPES_H 1
#define HAVE_STDINT_H 1
#define HAVE_UNISTD_H 1
#define HAVE_ARPA_INET_H 1
#define HAVE_FCNTL_H 1
#define HAVE_MALLOC_H 1
#define HAVE_NETINET_IN_H 1
#define HAVE_STDLIB_H 1
#define HAVE_STRING_H 1
#define HAVE_SYS_IOCTL_H 1
#define HAVE_SYS_SOCKET_H 1
#define HAVE_SYS_TIME_H 1
#define HAVE_TERMIOS_H 1
#define HAVE_UNISTD_H 1
#define HAVE_STDLIB_H 1
#define HAVE_MALLOC 1
#define HAVE_MKDIR 1
#define HAVE_SELECT 1
#define HAVE_SOCKET 1
#define HAVE_STRRCHR 1

configure: exit 0
